<?xml version="1.0" encoding="UTF-8"?>
<!-- Generated by org.testng.reporters.JUnitXMLReporter -->
<testsuite ignored="0" hostname="DESKTOP-BFD7TB1" failures="2" tests="12" name="Test" time="430.28" errors="0" timestamp="2024-01-08T10:22:11 IST">
  <testcase classname="com.ictwebsite.test.EventsTestClass" name="testcase1" time="1.484"/>
  <testcase classname="com.ictwebsite.test.EventsTestClass" name="testcase10" time="1.811"/>
  <testcase classname="com.ictwebsite.test.EventsTestClass" name="testcase11" time="1.095"/>
  <testcase classname="com.ictwebsite.test.EventsTestClass" name="testcase12" time="1.794"/>
  <testcase classname="com.ictwebsite.test.EventsTestClass" name="testcase2" time="1.638"/>
  <testcase classname="com.ictwebsite.test.EventsTestClass" name="testcase3" time="2.259"/>
  <testcase classname="com.ictwebsite.test.EventsTestClass" name="testcase4" time="2.531"/>
  <testcase classname="com.ictwebsite.test.EventsTestClass" name="testcase5" time="2.477">
    <failure type="java.lang.AssertionError" message="expected:&amp;lt;Registration Successfull&amp;gt; but was:&amp;lt;Registration Unsuccessful due to wrong credentials&amp;gt;">
      <![CDATA[java.lang.AssertionError: expected:<Registration Successfull> but was:<Registration Unsuccessful due to wrong credentials>
at com.ictwebsite.test.EventsTestClass.testcase5(EventsTestClass.java:87)
at java.base/java.util.ArrayList.forEach(ArrayList.java:1596)
... Removed 27 stack frames]]>
    </failure>
  </testcase> <!-- testcase5 -->
  <testcase classname="com.ictwebsite.test.EventsTestClass" name="testcase6" time="1.722"/>
  <testcase classname="com.ictwebsite.test.EventsTestClass" name="testcase7" time="2.261">
    <failure type="java.lang.AssertionError" message="expected:&amp;lt;Registration Successfull&amp;gt; but was:&amp;lt;Registration Unsuccessful due to wrong credentials&amp;gt;">
      <![CDATA[java.lang.AssertionError: expected:<Registration Successfull> but was:<Registration Unsuccessful due to wrong credentials>
at com.ictwebsite.test.EventsTestClass.testcase7(EventsTestClass.java:111)
at java.base/java.util.ArrayList.forEach(ArrayList.java:1596)
... Removed 27 stack frames]]>
    </failure>
  </testcase> <!-- testcase7 -->
  <testcase classname="com.ictwebsite.test.EventsTestClass" name="testcase8" time="1.817"/>
  <testcase classname="com.ictwebsite.test.EventsTestClass" name="testcase9" time="1.366"/>
</testsuite> <!-- Test -->
